<?xml version="1.0" encoding="UTF-8"?>
<!-- Generated by org.testng.reporters.JUnitXMLReporter -->
<testsuite ignored="2" hostname="DESKTOP-L98MB0F" failures="0" tests="14" name="Test" time="0.946" errors="0" timestamp="2023-02-15T19:13:02 IST">
  <testcase classname="testngclass.mavenproject2.BrowserLaunchTime" name="@BeforeSuite startBrowser" time="29.339">
    <failure type="org.openqa.selenium.SessionNotCreatedException" message="Could not start a new session. Response code 500. Message: disconnected: not connected to DevTools
  (failed to check if window was closed: disconnected: not connected to DevTools)
  (Session info: chrome=110.0.5481.97) 
Host info: host: &amp;apos;DESKTOP-L98MB0F&amp;apos;, ip: &amp;apos;192.168.100.102&amp;apos;
Build info: version: &amp;apos;4.5.0&amp;apos;, revision: &amp;apos;fe167b119a&amp;apos;
System info: os.name: &amp;apos;Windows 10&amp;apos;, os.arch: &amp;apos;amd64&amp;apos;, os.version: &amp;apos;10.0&amp;apos;, java.version: &amp;apos;17.0.2&amp;apos;
Driver info: org.openqa.selenium.chrome.ChromeDriver
Command: [null, newSession {capabilities=[Capabilities {browserName: chrome, goog:chromeOptions: {args: [], extensions: []}}], desiredCapabilities=Capabilities {browserName: chrome, goog:chromeOptions: {args: [], extensions: []}}}]">
      <![CDATA[org.openqa.selenium.SessionNotCreatedException: Could not start a new session. Response code 500. Message: disconnected: not connected to DevTools
  (failed to check if window was closed: disconnected: not connected to DevTools)
  (Session info: chrome=110.0.5481.97) 
Host info: host: 'DESKTOP-L98MB0F', ip: '192.168.100.102'
Build info: version: '4.5.0', revision: 'fe167b119a'
System info: os.name: 'Windows 10', os.arch: 'amd64', os.version: '10.0', java.version: '17.0.2'
Driver info: org.openqa.selenium.chrome.ChromeDriver
Command: [null, newSession {capabilities=[Capabilities {browserName: chrome, goog:chromeOptions: {args: [], extensions: []}}], desiredCapabilities=Capabilities {browserName: chrome, goog:chromeOptions: {args: [], extensions: []}}}]
at org.openqa.selenium.remote.ProtocolHandshake.createSession(ProtocolHandshake.java:144)
at org.openqa.selenium.remote.ProtocolHandshake.createSession(ProtocolHandshake.java:102)
at org.openqa.selenium.remote.ProtocolHandshake.createSession(ProtocolHandshake.java:67)
at org.openqa.selenium.remote.HttpCommandExecutor.execute(HttpCommandExecutor.java:156)
at org.openqa.selenium.remote.service.DriverCommandExecutor.invokeExecute(DriverCommandExecutor.java:167)
at org.openqa.selenium.remote.service.DriverCommandExecutor.execute(DriverCommandExecutor.java:142)
at org.openqa.selenium.remote.RemoteWebDriver.execute(RemoteWebDriver.java:547)
at org.openqa.selenium.remote.RemoteWebDriver.startSession(RemoteWebDriver.java:242)
at org.openqa.selenium.remote.RemoteWebDriver.<init>(RemoteWebDriver.java:157)
at org.openqa.selenium.chromium.ChromiumDriver.<init>(ChromiumDriver.java:101)
at org.openqa.selenium.chrome.ChromeDriver.<init>(ChromeDriver.java:81)
at org.openqa.selenium.chrome.ChromeDriver.<init>(ChromeDriver.java:49)
at testngclass.mavenproject2.BrowserLaunchTime.startBrowser(BrowserLaunchTime.java:19)
... Removed 19 stack frames]]>
    </failure>
  </testcase> <!-- @BeforeSuite startBrowser -->
  <testcase classname="testngclass.mavenproject2.BrowserLaunchTime" name="bing" time="0.0">
    <skipped/>
  </testcase> <!-- bing -->
  <testcase classname="testngclass.mavenproject2.BrowserLaunchTime" name="demoqa" time="0.0">
    <skipped/>
  </testcase> <!-- demoqa -->
  <testcase classname="testngclass.mavenproject2.BrowserLaunchTime" name="facebook" time="0.0">
    <skipped/>
  </testcase> <!-- facebook -->
  <testcase classname="testngclass.mavenproject2.BrowserLaunchTime" name="google" time="0.0">
    <skipped/>
  </testcase> <!-- google -->
  <testcase classname="testngclass.mavenproject2.Depends" name="foodbooking" time="0.0">
    <skipped/>
  </testcase> <!-- foodbooking -->
  <testcase classname="testngclass.mavenproject2.Depends" name="hotelConfirm" time="0.0">
    <skipped/>
  </testcase> <!-- hotelConfirm -->
  <testcase classname="testngclass.mavenproject2.Depends" name="deliverPartnerPickingOrder" time="0.0">
    <skipped/>
  </testcase> <!-- deliverPartnerPickingOrder -->
  <testcase classname="testngclass.mavenproject2.Depends" name="collectingFood" time="0.0">
    <skipped/>
  </testcase> <!-- collectingFood -->
  <testcase classname="testngclass.mavenproject2.Depends" name="deliver" time="0.0">
    <skipped/>
  </testcase> <!-- deliver -->
  <testcase classname="testngclass.mavenproject2.PriorityKeywordAndSkipTestCase" name="refresh" time="0.0">
    <skipped/>
  </testcase> <!-- refresh -->
  <testcase classname="testngclass.mavenproject2.PriorityKeywordAndSkipTestCase" name="lapon" time="0.0">
    <skipped/>
  </testcase> <!-- lapon -->
  <testcase classname="testngclass.mavenproject2.PriorityKeywordAndSkipTestCase" name="lapoff" time="0.0">
    <skipped/>
  </testcase> <!-- lapoff -->
  <testcase classname="testngclass.mavenproject2.PriorityKeywordAndSkipTestCase" name="lapopen" time="0.0">
    <skipped/>
  </testcase> <!-- lapopen -->
  <testcase classname="testngclass.mavenproject2.PriorityKeywordAndSkipTestCase" name="workStart" time="0.0">
    <skipped/>
  </testcase> <!-- workStart -->
  <testcase classname="testngclass.mavenproject2.PriorityKeywordAndSkipTestCase" name="workInbetweenBreak" time="0.0">
    <ignored/>
  </testcase> <!-- workInbetweenBreak -->
  <testcase classname="testngclass.mavenproject2.PriorityKeywordAndSkipTestCase" name="workFinish" time="0.0">
    <ignored/>
  </testcase> <!-- workFinish -->
</testsuite> <!-- Test -->
